2025-06-01 10:21:28,364 INFO  - MaterializeWorkflowDescriptorActor [UUID(397051bc)]: Parsing workflow as WDL 1.0
2025-06-01 10:21:28,584 INFO  - MaterializeWorkflowDescriptorActor [UUID(397051bc)]: Call-to-Backend assignments: prsInteractivePipeline.createSummary -> Local
2025-06-01 10:21:28,653 WARN  - Local [UUID(397051bc)]: Key/s [memory, cpu] is/are not supported by backend. Unsupported attributes will not be part of job executions.
2025-06-01 10:21:30,733 INFO  - WorkflowExecutionActor-397051bc-046e-49e1-9ba4-fc3f4c9e26d3 [UUID(397051bc)]: Starting prsInteractivePipeline.createSummary
2025-06-01 10:21:40,897 WARN  - BackendPreparationActor_for_397051bc:prsInteractivePipeline.createSummary:-1:1 [UUID(397051bc)]: Docker lookup failed
java.lang.Exception: Unauthorized to get docker hash ukb-base:V1
	at cromwell.engine.workflow.WorkflowDockerLookupActor.cromwell$engine$workflow$WorkflowDockerLookupActor$$handleLookupFailure(WorkflowDockerLookupActor.scala:279)
	at cromwell.engine.workflow.WorkflowDockerLookupActor$$anonfun$3.applyOrElse(WorkflowDockerLookupActor.scala:93)
	at cromwell.engine.workflow.WorkflowDockerLookupActor$$anonfun$3.applyOrElse(WorkflowDockerLookupActor.scala:78)
	at scala.runtime.AbstractPartialFunction.apply(AbstractPartialFunction.scala:35)
	at akka.actor.FSM.processEvent(FSM.scala:707)
	at akka.actor.FSM.processEvent$(FSM.scala:704)
	at cromwell.engine.workflow.WorkflowDockerLookupActor.akka$actor$LoggingFSM$$super$processEvent(WorkflowDockerLookupActor.scala:45)
	at akka.actor.LoggingFSM.processEvent(FSM.scala:847)
	at akka.actor.LoggingFSM.processEvent$(FSM.scala:829)
	at cromwell.engine.workflow.WorkflowDockerLookupActor.processEvent(WorkflowDockerLookupActor.scala:45)
	at akka.actor.FSM.akka$actor$FSM$$processMsg(FSM.scala:701)
	at akka.actor.FSM$$anonfun$receive$1.applyOrElse(FSM.scala:695)
	at scala.runtime.AbstractPartialFunction.apply(AbstractPartialFunction.scala:35)
	at cromwell.docker.DockerClientHelper$$anonfun$dockerResponseReceive$1.applyOrElse(DockerClientHelper.scala:16)
	at scala.PartialFunction$OrElse.applyOrElse(PartialFunction.scala:269)
	at scala.PartialFunction$OrElse.applyOrElse(PartialFunction.scala:270)
	at akka.actor.Actor.aroundReceive(Actor.scala:539)
	at akka.actor.Actor.aroundReceive$(Actor.scala:537)
	at cromwell.engine.workflow.WorkflowDockerLookupActor.aroundReceive(WorkflowDockerLookupActor.scala:45)
	at akka.actor.ActorCell.receiveMessage(ActorCell.scala:614)
	at akka.actor.ActorCell.invoke(ActorCell.scala:583)
	at akka.dispatch.Mailbox.processMailbox(Mailbox.scala:268)
	at akka.dispatch.Mailbox.run(Mailbox.scala:229)
	at akka.dispatch.Mailbox.exec(Mailbox.scala:241)
	at akka.dispatch.forkjoin.ForkJoinTask.doExec(ForkJoinTask.java:260)
	at akka.dispatch.forkjoin.ForkJoinPool$WorkQueue.runTask(ForkJoinPool.java:1339)
	at akka.dispatch.forkjoin.ForkJoinPool.runWorker(ForkJoinPool.java:1979)
	at akka.dispatch.forkjoin.ForkJoinWorkerThread.run(ForkJoinWorkerThread.java:107)
2025-06-01 10:21:40,931 INFO  - 397051bc-046e-49e1-9ba4-fc3f4c9e26d3-BackendJobExecutionActor-prsInteractivePipeline.createSummary:NA:1 [UUID(397051bc)prsInteractivePipeline.createSummary:NA:1]: AN-436 About to instantiate class
2025-06-01 10:21:40,935 WARN  - BackgroundConfigAsyncJobExecutionActor [UUID(397051bc)prsInteractivePipeline.createSummary:NA:1]: Unrecognized runtime attribute keys: cpu, memory
2025-06-01 10:21:40,954 ERROR - BackgroundConfigAsyncJobExecutionActor [UUID(397051bc)prsInteractivePipeline.createSummary:NA:1]: Error attempting to Execute
java.lang.Exception: Failed command instantiation
	at cromwell.backend.standard.StandardAsyncExecutionActor.instantiatedCommand(StandardAsyncExecutionActor.scala:728)
	at cromwell.backend.standard.StandardAsyncExecutionActor.instantiatedCommand$(StandardAsyncExecutionActor.scala:647)
	at cromwell.backend.impl.sfs.config.BackgroundConfigAsyncJobExecutionActor.instantiatedCommand$lzycompute(ConfigAsyncJobExecutionActor.scala:205)
	at cromwell.backend.impl.sfs.config.BackgroundConfigAsyncJobExecutionActor.instantiatedCommand(ConfigAsyncJobExecutionActor.scala:205)
	at cromwell.backend.standard.StandardAsyncExecutionActor.commandScriptContents(StandardAsyncExecutionActor.scala:411)
	at cromwell.backend.standard.StandardAsyncExecutionActor.commandScriptContents$(StandardAsyncExecutionActor.scala:410)
	at cromwell.backend.impl.sfs.config.BackgroundConfigAsyncJobExecutionActor.commandScriptContents(ConfigAsyncJobExecutionActor.scala:205)
	at cromwell.backend.sfs.SharedFileSystemAsyncJobExecutionActor.writeScriptContents(SharedFileSystemAsyncJobExecutionActor.scala:180)
	at cromwell.backend.sfs.SharedFileSystemAsyncJobExecutionActor.writeScriptContents$(SharedFileSystemAsyncJobExecutionActor.scala:179)
	at cromwell.backend.impl.sfs.config.BackgroundConfigAsyncJobExecutionActor.cromwell$backend$sfs$BackgroundAsyncJobExecutionActor$$super$writeScriptContents(ConfigAsyncJobExecutionActor.scala:205)
	at cromwell.backend.sfs.BackgroundAsyncJobExecutionActor.writeScriptContents(BackgroundAsyncJobExecutionActor.scala:12)
	at cromwell.backend.sfs.BackgroundAsyncJobExecutionActor.writeScriptContents$(BackgroundAsyncJobExecutionActor.scala:11)
	at cromwell.backend.impl.sfs.config.BackgroundConfigAsyncJobExecutionActor.writeScriptContents(ConfigAsyncJobExecutionActor.scala:205)
	at cromwell.backend.sfs.SharedFileSystemAsyncJobExecutionActor.execute(SharedFileSystemAsyncJobExecutionActor.scala:159)
	at cromwell.backend.sfs.SharedFileSystemAsyncJobExecutionActor.execute$(SharedFileSystemAsyncJobExecutionActor.scala:156)
	at cromwell.backend.impl.sfs.config.BackgroundConfigAsyncJobExecutionActor.execute(ConfigAsyncJobExecutionActor.scala:205)
	at cromwell.backend.standard.StandardAsyncExecutionActor.$anonfun$executeAsync$1(StandardAsyncExecutionActor.scala:808)
	at scala.util.Try$.apply(Try.scala:210)
	at cromwell.backend.standard.StandardAsyncExecutionActor.executeAsync(StandardAsyncExecutionActor.scala:808)
	at cromwell.backend.standard.StandardAsyncExecutionActor.executeAsync$(StandardAsyncExecutionActor.scala:808)
	at cromwell.backend.impl.sfs.config.BackgroundConfigAsyncJobExecutionActor.executeAsync(ConfigAsyncJobExecutionActor.scala:205)
	at cromwell.backend.standard.StandardAsyncExecutionActor.executeOrRecover(StandardAsyncExecutionActor.scala:1248)
	at cromwell.backend.standard.StandardAsyncExecutionActor.executeOrRecover$(StandardAsyncExecutionActor.scala:1240)
	at cromwell.backend.impl.sfs.config.BackgroundConfigAsyncJobExecutionActor.executeOrRecover(ConfigAsyncJobExecutionActor.scala:205)
	at cromwell.backend.async.AsyncBackendJobExecutionActor.$anonfun$robustExecuteOrRecover$1(AsyncBackendJobExecutionActor.scala:65)
	at cromwell.core.retry.Retry$.withRetry(Retry.scala:46)
	at cromwell.backend.async.AsyncBackendJobExecutionActor.withRetry(AsyncBackendJobExecutionActor.scala:62)
	at cromwell.backend.async.AsyncBackendJobExecutionActor.cromwell$backend$async$AsyncBackendJobExecutionActor$$robustExecuteOrRecover(AsyncBackendJobExecutionActor.scala:65)
	at cromwell.backend.async.AsyncBackendJobExecutionActor$$anonfun$receive$1.applyOrElse(AsyncBackendJobExecutionActor.scala:86)
	at scala.PartialFunction$OrElse.applyOrElse(PartialFunction.scala:270)
	at scala.PartialFunction$OrElse.applyOrElse(PartialFunction.scala:270)
	at scala.PartialFunction$OrElse.applyOrElse(PartialFunction.scala:270)
	at scala.PartialFunction$OrElse.applyOrElse(PartialFunction.scala:270)
	at akka.actor.Actor.aroundReceive(Actor.scala:539)
	at akka.actor.Actor.aroundReceive$(Actor.scala:537)
	at cromwell.backend.impl.sfs.config.BackgroundConfigAsyncJobExecutionActor.aroundReceive(ConfigAsyncJobExecutionActor.scala:205)
	at akka.actor.ActorCell.receiveMessage(ActorCell.scala:614)
	at akka.actor.ActorCell.invoke(ActorCell.scala:583)
	at akka.dispatch.Mailbox.processMailbox(Mailbox.scala:268)
	at akka.dispatch.Mailbox.run(Mailbox.scala:229)
	at akka.dispatch.Mailbox.exec(Mailbox.scala:241)
	at akka.dispatch.forkjoin.ForkJoinTask.doExec(ForkJoinTask.java:260)
	at akka.dispatch.forkjoin.ForkJoinPool$WorkQueue.runTask(ForkJoinPool.java:1339)
	at akka.dispatch.forkjoin.ForkJoinPool.runWorker(ForkJoinPool.java:1979)
	at akka.dispatch.forkjoin.ForkJoinWorkerThread.run(ForkJoinWorkerThread.java:107)
Caused by: common.exception.AggregatedMessageException: Error(s):
:
Could not localize /prsInteractive/config/default.conf -> /Users/kerimulterer/prsInteractive/./cromwell-executions/prsInteractivePipeline/397051bc-046e-49e1-9ba4-fc3f4c9e26d3/call-createSummary/inputs/1880570577/default.conf:
	/prsInteractive/config/default.conf doesn't exist
	File not found /Users/kerimulterer/prsInteractive/cromwell-executions/prsInteractivePipeline/397051bc-046e-49e1-9ba4-fc3f4c9e26d3/call-createSummary/inputs/1880570577/default.conf -> /prsInteractive/config/default.conf
	File not found /prsInteractive/config/default.conf
	at common.validation.Validation$ValidationTry$.toTry$extension(Validation.scala:93)
	at common.validation.Validation$ValidationTry$.toTry$extension(Validation.scala:89)
	at cromwell.backend.standard.StandardAsyncExecutionActor.instantiatedCommand(StandardAsyncExecutionActor.scala:726)
	... 44 common frames omitted
2025-06-01 10:21:42,940 ERROR - BackgroundConfigAsyncJobExecutionActor [UUID(397051bc)prsInteractivePipeline.createSummary:NA:1]: Error attempting to Execute
java.lang.Exception: Failed command instantiation
	at cromwell.backend.standard.StandardAsyncExecutionActor.instantiatedCommand(StandardAsyncExecutionActor.scala:728)
	at cromwell.backend.standard.StandardAsyncExecutionActor.instantiatedCommand$(StandardAsyncExecutionActor.scala:647)
	at cromwell.backend.impl.sfs.config.BackgroundConfigAsyncJobExecutionActor.instantiatedCommand$lzycompute(ConfigAsyncJobExecutionActor.scala:205)
	at cromwell.backend.impl.sfs.config.BackgroundConfigAsyncJobExecutionActor.instantiatedCommand(ConfigAsyncJobExecutionActor.scala:205)
	at cromwell.backend.standard.StandardAsyncExecutionActor.commandScriptContents(StandardAsyncExecutionActor.scala:411)
	at cromwell.backend.standard.StandardAsyncExecutionActor.commandScriptContents$(StandardAsyncExecutionActor.scala:410)
	at cromwell.backend.impl.sfs.config.BackgroundConfigAsyncJobExecutionActor.commandScriptContents(ConfigAsyncJobExecutionActor.scala:205)
	at cromwell.backend.sfs.SharedFileSystemAsyncJobExecutionActor.writeScriptContents(SharedFileSystemAsyncJobExecutionActor.scala:180)
	at cromwell.backend.sfs.SharedFileSystemAsyncJobExecutionActor.writeScriptContents$(SharedFileSystemAsyncJobExecutionActor.scala:179)
	at cromwell.backend.impl.sfs.config.BackgroundConfigAsyncJobExecutionActor.cromwell$backend$sfs$BackgroundAsyncJobExecutionActor$$super$writeScriptContents(ConfigAsyncJobExecutionActor.scala:205)
	at cromwell.backend.sfs.BackgroundAsyncJobExecutionActor.writeScriptContents(BackgroundAsyncJobExecutionActor.scala:12)
	at cromwell.backend.sfs.BackgroundAsyncJobExecutionActor.writeScriptContents$(BackgroundAsyncJobExecutionActor.scala:11)
	at cromwell.backend.impl.sfs.config.BackgroundConfigAsyncJobExecutionActor.writeScriptContents(ConfigAsyncJobExecutionActor.scala:205)
	at cromwell.backend.sfs.SharedFileSystemAsyncJobExecutionActor.execute(SharedFileSystemAsyncJobExecutionActor.scala:159)
	at cromwell.backend.sfs.SharedFileSystemAsyncJobExecutionActor.execute$(SharedFileSystemAsyncJobExecutionActor.scala:156)
	at cromwell.backend.impl.sfs.config.BackgroundConfigAsyncJobExecutionActor.execute(ConfigAsyncJobExecutionActor.scala:205)
	at cromwell.backend.standard.StandardAsyncExecutionActor.$anonfun$executeAsync$1(StandardAsyncExecutionActor.scala:808)
	at scala.util.Try$.apply(Try.scala:210)
	at cromwell.backend.standard.StandardAsyncExecutionActor.executeAsync(StandardAsyncExecutionActor.scala:808)
	at cromwell.backend.standard.StandardAsyncExecutionActor.executeAsync$(StandardAsyncExecutionActor.scala:808)
	at cromwell.backend.impl.sfs.config.BackgroundConfigAsyncJobExecutionActor.executeAsync(ConfigAsyncJobExecutionActor.scala:205)
	at cromwell.backend.standard.StandardAsyncExecutionActor.executeOrRecover(StandardAsyncExecutionActor.scala:1248)
	at cromwell.backend.standard.StandardAsyncExecutionActor.executeOrRecover$(StandardAsyncExecutionActor.scala:1240)
	at cromwell.backend.impl.sfs.config.BackgroundConfigAsyncJobExecutionActor.executeOrRecover(ConfigAsyncJobExecutionActor.scala:205)
	at cromwell.backend.async.AsyncBackendJobExecutionActor.$anonfun$robustExecuteOrRecover$1(AsyncBackendJobExecutionActor.scala:65)
	at cromwell.core.retry.Retry$.withRetry(Retry.scala:46)
	at cromwell.core.retry.Retry$$anonfun$withRetry$1.$anonfun$applyOrElse$3(Retry.scala:54)
	at akka.pattern.FutureTimeoutSupport.liftedTree1$1(FutureTimeoutSupport.scala:31)
	at akka.pattern.FutureTimeoutSupport.$anonfun$after$1(FutureTimeoutSupport.scala:31)
	at akka.actor.Scheduler$$anon$4.run(Scheduler.scala:202)
	at akka.dispatch.TaskInvocation.run(AbstractDispatcher.scala:41)
	at akka.dispatch.ForkJoinExecutorConfigurator$AkkaForkJoinTask.exec(ForkJoinExecutorConfigurator.scala:49)
	at akka.dispatch.forkjoin.ForkJoinTask.doExec(ForkJoinTask.java:260)
	at akka.dispatch.forkjoin.ForkJoinPool$WorkQueue.runTask(ForkJoinPool.java:1339)
	at akka.dispatch.forkjoin.ForkJoinPool.runWorker(ForkJoinPool.java:1979)
	at akka.dispatch.forkjoin.ForkJoinWorkerThread.run(ForkJoinWorkerThread.java:107)
Caused by: common.exception.AggregatedMessageException: Error(s):
:
Could not localize /prsInteractive/config/default.conf -> /Users/kerimulterer/prsInteractive/./cromwell-executions/prsInteractivePipeline/397051bc-046e-49e1-9ba4-fc3f4c9e26d3/call-createSummary/inputs/1880570577/default.conf:
	/prsInteractive/config/default.conf doesn't exist
	File not found /Users/kerimulterer/prsInteractive/cromwell-executions/prsInteractivePipeline/397051bc-046e-49e1-9ba4-fc3f4c9e26d3/call-createSummary/inputs/1880570577/default.conf -> /prsInteractive/config/default.conf
	File not found /prsInteractive/config/default.conf
	at common.validation.Validation$ValidationTry$.toTry$extension(Validation.scala:93)
	at common.validation.Validation$ValidationTry$.toTry$extension(Validation.scala:89)
	at cromwell.backend.standard.StandardAsyncExecutionActor.instantiatedCommand(StandardAsyncExecutionActor.scala:726)
	... 35 common frames omitted
2025-06-01 10:21:44,708 ERROR - BackgroundConfigAsyncJobExecutionActor [UUID(397051bc)prsInteractivePipeline.createSummary:NA:1]: Error attempting to Execute
java.lang.Exception: Failed command instantiation
	at cromwell.backend.standard.StandardAsyncExecutionActor.instantiatedCommand(StandardAsyncExecutionActor.scala:728)
	at cromwell.backend.standard.StandardAsyncExecutionActor.instantiatedCommand$(StandardAsyncExecutionActor.scala:647)
	at cromwell.backend.impl.sfs.config.BackgroundConfigAsyncJobExecutionActor.instantiatedCommand$lzycompute(ConfigAsyncJobExecutionActor.scala:205)
	at cromwell.backend.impl.sfs.config.BackgroundConfigAsyncJobExecutionActor.instantiatedCommand(ConfigAsyncJobExecutionActor.scala:205)
	at cromwell.backend.standard.StandardAsyncExecutionActor.commandScriptContents(StandardAsyncExecutionActor.scala:411)
	at cromwell.backend.standard.StandardAsyncExecutionActor.commandScriptContents$(StandardAsyncExecutionActor.scala:410)
	at cromwell.backend.impl.sfs.config.BackgroundConfigAsyncJobExecutionActor.commandScriptContents(ConfigAsyncJobExecutionActor.scala:205)
	at cromwell.backend.sfs.SharedFileSystemAsyncJobExecutionActor.writeScriptContents(SharedFileSystemAsyncJobExecutionActor.scala:180)
	at cromwell.backend.sfs.SharedFileSystemAsyncJobExecutionActor.writeScriptContents$(SharedFileSystemAsyncJobExecutionActor.scala:179)
	at cromwell.backend.impl.sfs.config.BackgroundConfigAsyncJobExecutionActor.cromwell$backend$sfs$BackgroundAsyncJobExecutionActor$$super$writeScriptContents(ConfigAsyncJobExecutionActor.scala:205)
	at cromwell.backend.sfs.BackgroundAsyncJobExecutionActor.writeScriptContents(BackgroundAsyncJobExecutionActor.scala:12)
	at cromwell.backend.sfs.BackgroundAsyncJobExecutionActor.writeScriptContents$(BackgroundAsyncJobExecutionActor.scala:11)
	at cromwell.backend.impl.sfs.config.BackgroundConfigAsyncJobExecutionActor.writeScriptContents(ConfigAsyncJobExecutionActor.scala:205)
	at cromwell.backend.sfs.SharedFileSystemAsyncJobExecutionActor.execute(SharedFileSystemAsyncJobExecutionActor.scala:159)
	at cromwell.backend.sfs.SharedFileSystemAsyncJobExecutionActor.execute$(SharedFileSystemAsyncJobExecutionActor.scala:156)
	at cromwell.backend.impl.sfs.config.BackgroundConfigAsyncJobExecutionActor.execute(ConfigAsyncJobExecutionActor.scala:205)
	at cromwell.backend.standard.StandardAsyncExecutionActor.$anonfun$executeAsync$1(StandardAsyncExecutionActor.scala:808)
	at scala.util.Try$.apply(Try.scala:210)
	at cromwell.backend.standard.StandardAsyncExecutionActor.executeAsync(StandardAsyncExecutionActor.scala:808)
	at cromwell.backend.standard.StandardAsyncExecutionActor.executeAsync$(StandardAsyncExecutionActor.scala:808)
	at cromwell.backend.impl.sfs.config.BackgroundConfigAsyncJobExecutionActor.executeAsync(ConfigAsyncJobExecutionActor.scala:205)
	at cromwell.backend.standard.StandardAsyncExecutionActor.executeOrRecover(StandardAsyncExecutionActor.scala:1248)
	at cromwell.backend.standard.StandardAsyncExecutionActor.executeOrRecover$(StandardAsyncExecutionActor.scala:1240)
	at cromwell.backend.impl.sfs.config.BackgroundConfigAsyncJobExecutionActor.executeOrRecover(ConfigAsyncJobExecutionActor.scala:205)
	at cromwell.backend.async.AsyncBackendJobExecutionActor.$anonfun$robustExecuteOrRecover$1(AsyncBackendJobExecutionActor.scala:65)
	at cromwell.core.retry.Retry$.withRetry(Retry.scala:46)
	at cromwell.core.retry.Retry$$anonfun$withRetry$1.$anonfun$applyOrElse$3(Retry.scala:54)
	at akka.pattern.FutureTimeoutSupport.liftedTree1$1(FutureTimeoutSupport.scala:31)
	at akka.pattern.FutureTimeoutSupport.$anonfun$after$1(FutureTimeoutSupport.scala:31)
	at akka.actor.Scheduler$$anon$4.run(Scheduler.scala:202)
	at akka.dispatch.TaskInvocation.run(AbstractDispatcher.scala:41)
	at akka.dispatch.ForkJoinExecutorConfigurator$AkkaForkJoinTask.exec(ForkJoinExecutorConfigurator.scala:49)
	at akka.dispatch.forkjoin.ForkJoinTask.doExec(ForkJoinTask.java:260)
	at akka.dispatch.forkjoin.ForkJoinPool$WorkQueue.runTask(ForkJoinPool.java:1339)
	at akka.dispatch.forkjoin.ForkJoinPool.runWorker(ForkJoinPool.java:1979)
	at akka.dispatch.forkjoin.ForkJoinWorkerThread.run(ForkJoinWorkerThread.java:107)
Caused by: common.exception.AggregatedMessageException: Error(s):
:
Could not localize /prsInteractive/config/default.conf -> /Users/kerimulterer/prsInteractive/./cromwell-executions/prsInteractivePipeline/397051bc-046e-49e1-9ba4-fc3f4c9e26d3/call-createSummary/inputs/1880570577/default.conf:
	/prsInteractive/config/default.conf doesn't exist
	File not found /Users/kerimulterer/prsInteractive/cromwell-executions/prsInteractivePipeline/397051bc-046e-49e1-9ba4-fc3f4c9e26d3/call-createSummary/inputs/1880570577/default.conf -> /prsInteractive/config/default.conf
	File not found /prsInteractive/config/default.conf
	at common.validation.Validation$ValidationTry$.toTry$extension(Validation.scala:93)
	at common.validation.Validation$ValidationTry$.toTry$extension(Validation.scala:89)
	at cromwell.backend.standard.StandardAsyncExecutionActor.instantiatedCommand(StandardAsyncExecutionActor.scala:726)
	... 35 common frames omitted
2025-06-01 10:21:48,138 ERROR - BackgroundConfigAsyncJobExecutionActor [UUID(397051bc)prsInteractivePipeline.createSummary:NA:1]: Error attempting to Execute
java.lang.Exception: Failed command instantiation
	at cromwell.backend.standard.StandardAsyncExecutionActor.instantiatedCommand(StandardAsyncExecutionActor.scala:728)
	at cromwell.backend.standard.StandardAsyncExecutionActor.instantiatedCommand$(StandardAsyncExecutionActor.scala:647)
	at cromwell.backend.impl.sfs.config.BackgroundConfigAsyncJobExecutionActor.instantiatedCommand$lzycompute(ConfigAsyncJobExecutionActor.scala:205)
	at cromwell.backend.impl.sfs.config.BackgroundConfigAsyncJobExecutionActor.instantiatedCommand(ConfigAsyncJobExecutionActor.scala:205)
	at cromwell.backend.standard.StandardAsyncExecutionActor.commandScriptContents(StandardAsyncExecutionActor.scala:411)
	at cromwell.backend.standard.StandardAsyncExecutionActor.commandScriptContents$(StandardAsyncExecutionActor.scala:410)
	at cromwell.backend.impl.sfs.config.BackgroundConfigAsyncJobExecutionActor.commandScriptContents(ConfigAsyncJobExecutionActor.scala:205)
	at cromwell.backend.sfs.SharedFileSystemAsyncJobExecutionActor.writeScriptContents(SharedFileSystemAsyncJobExecutionActor.scala:180)
	at cromwell.backend.sfs.SharedFileSystemAsyncJobExecutionActor.writeScriptContents$(SharedFileSystemAsyncJobExecutionActor.scala:179)
	at cromwell.backend.impl.sfs.config.BackgroundConfigAsyncJobExecutionActor.cromwell$backend$sfs$BackgroundAsyncJobExecutionActor$$super$writeScriptContents(ConfigAsyncJobExecutionActor.scala:205)
	at cromwell.backend.sfs.BackgroundAsyncJobExecutionActor.writeScriptContents(BackgroundAsyncJobExecutionActor.scala:12)
	at cromwell.backend.sfs.BackgroundAsyncJobExecutionActor.writeScriptContents$(BackgroundAsyncJobExecutionActor.scala:11)
	at cromwell.backend.impl.sfs.config.BackgroundConfigAsyncJobExecutionActor.writeScriptContents(ConfigAsyncJobExecutionActor.scala:205)
	at cromwell.backend.sfs.SharedFileSystemAsyncJobExecutionActor.execute(SharedFileSystemAsyncJobExecutionActor.scala:159)
	at cromwell.backend.sfs.SharedFileSystemAsyncJobExecutionActor.execute$(SharedFileSystemAsyncJobExecutionActor.scala:156)
	at cromwell.backend.impl.sfs.config.BackgroundConfigAsyncJobExecutionActor.execute(ConfigAsyncJobExecutionActor.scala:205)
	at cromwell.backend.standard.StandardAsyncExecutionActor.$anonfun$executeAsync$1(StandardAsyncExecutionActor.scala:808)
	at scala.util.Try$.apply(Try.scala:210)
	at cromwell.backend.standard.StandardAsyncExecutionActor.executeAsync(StandardAsyncExecutionActor.scala:808)
	at cromwell.backend.standard.StandardAsyncExecutionActor.executeAsync$(StandardAsyncExecutionActor.scala:808)
	at cromwell.backend.impl.sfs.config.BackgroundConfigAsyncJobExecutionActor.executeAsync(ConfigAsyncJobExecutionActor.scala:205)
	at cromwell.backend.standard.StandardAsyncExecutionActor.executeOrRecover(StandardAsyncExecutionActor.scala:1248)
	at cromwell.backend.standard.StandardAsyncExecutionActor.executeOrRecover$(StandardAsyncExecutionActor.scala:1240)
	at cromwell.backend.impl.sfs.config.BackgroundConfigAsyncJobExecutionActor.executeOrRecover(ConfigAsyncJobExecutionActor.scala:205)
	at cromwell.backend.async.AsyncBackendJobExecutionActor.$anonfun$robustExecuteOrRecover$1(AsyncBackendJobExecutionActor.scala:65)
	at cromwell.core.retry.Retry$.withRetry(Retry.scala:46)
	at cromwell.core.retry.Retry$$anonfun$withRetry$1.$anonfun$applyOrElse$3(Retry.scala:54)
	at akka.pattern.FutureTimeoutSupport.liftedTree1$1(FutureTimeoutSupport.scala:31)
	at akka.pattern.FutureTimeoutSupport.$anonfun$after$1(FutureTimeoutSupport.scala:31)
	at akka.actor.Scheduler$$anon$4.run(Scheduler.scala:202)
	at akka.dispatch.TaskInvocation.run(AbstractDispatcher.scala:41)
	at akka.dispatch.ForkJoinExecutorConfigurator$AkkaForkJoinTask.exec(ForkJoinExecutorConfigurator.scala:49)
	at akka.dispatch.forkjoin.ForkJoinTask.doExec(ForkJoinTask.java:260)
	at akka.dispatch.forkjoin.ForkJoinPool$WorkQueue.runTask(ForkJoinPool.java:1339)
	at akka.dispatch.forkjoin.ForkJoinPool.runWorker(ForkJoinPool.java:1979)
	at akka.dispatch.forkjoin.ForkJoinWorkerThread.run(ForkJoinWorkerThread.java:107)
Caused by: common.exception.AggregatedMessageException: Error(s):
:
Could not localize /prsInteractive/config/default.conf -> /Users/kerimulterer/prsInteractive/./cromwell-executions/prsInteractivePipeline/397051bc-046e-49e1-9ba4-fc3f4c9e26d3/call-createSummary/inputs/1880570577/default.conf:
	/prsInteractive/config/default.conf doesn't exist
	File not found /Users/kerimulterer/prsInteractive/cromwell-executions/prsInteractivePipeline/397051bc-046e-49e1-9ba4-fc3f4c9e26d3/call-createSummary/inputs/1880570577/default.conf -> /prsInteractive/config/default.conf
	File not found /prsInteractive/config/default.conf
	at common.validation.Validation$ValidationTry$.toTry$extension(Validation.scala:93)
	at common.validation.Validation$ValidationTry$.toTry$extension(Validation.scala:89)
	at cromwell.backend.standard.StandardAsyncExecutionActor.instantiatedCommand(StandardAsyncExecutionActor.scala:726)
	... 35 common frames omitted
2025-06-01 10:21:52,681 ERROR - BackgroundConfigAsyncJobExecutionActor [UUID(397051bc)prsInteractivePipeline.createSummary:NA:1]: Error attempting to Execute
java.lang.Exception: Failed command instantiation
	at cromwell.backend.standard.StandardAsyncExecutionActor.instantiatedCommand(StandardAsyncExecutionActor.scala:728)
	at cromwell.backend.standard.StandardAsyncExecutionActor.instantiatedCommand$(StandardAsyncExecutionActor.scala:647)
	at cromwell.backend.impl.sfs.config.BackgroundConfigAsyncJobExecutionActor.instantiatedCommand$lzycompute(ConfigAsyncJobExecutionActor.scala:205)
	at cromwell.backend.impl.sfs.config.BackgroundConfigAsyncJobExecutionActor.instantiatedCommand(ConfigAsyncJobExecutionActor.scala:205)
	at cromwell.backend.standard.StandardAsyncExecutionActor.commandScriptContents(StandardAsyncExecutionActor.scala:411)
	at cromwell.backend.standard.StandardAsyncExecutionActor.commandScriptContents$(StandardAsyncExecutionActor.scala:410)
	at cromwell.backend.impl.sfs.config.BackgroundConfigAsyncJobExecutionActor.commandScriptContents(ConfigAsyncJobExecutionActor.scala:205)
	at cromwell.backend.sfs.SharedFileSystemAsyncJobExecutionActor.writeScriptContents(SharedFileSystemAsyncJobExecutionActor.scala:180)
	at cromwell.backend.sfs.SharedFileSystemAsyncJobExecutionActor.writeScriptContents$(SharedFileSystemAsyncJobExecutionActor.scala:179)
	at cromwell.backend.impl.sfs.config.BackgroundConfigAsyncJobExecutionActor.cromwell$backend$sfs$BackgroundAsyncJobExecutionActor$$super$writeScriptContents(ConfigAsyncJobExecutionActor.scala:205)
	at cromwell.backend.sfs.BackgroundAsyncJobExecutionActor.writeScriptContents(BackgroundAsyncJobExecutionActor.scala:12)
	at cromwell.backend.sfs.BackgroundAsyncJobExecutionActor.writeScriptContents$(BackgroundAsyncJobExecutionActor.scala:11)
	at cromwell.backend.impl.sfs.config.BackgroundConfigAsyncJobExecutionActor.writeScriptContents(ConfigAsyncJobExecutionActor.scala:205)
	at cromwell.backend.sfs.SharedFileSystemAsyncJobExecutionActor.execute(SharedFileSystemAsyncJobExecutionActor.scala:159)
	at cromwell.backend.sfs.SharedFileSystemAsyncJobExecutionActor.execute$(SharedFileSystemAsyncJobExecutionActor.scala:156)
	at cromwell.backend.impl.sfs.config.BackgroundConfigAsyncJobExecutionActor.execute(ConfigAsyncJobExecutionActor.scala:205)
	at cromwell.backend.standard.StandardAsyncExecutionActor.$anonfun$executeAsync$1(StandardAsyncExecutionActor.scala:808)
	at scala.util.Try$.apply(Try.scala:210)
	at cromwell.backend.standard.StandardAsyncExecutionActor.executeAsync(StandardAsyncExecutionActor.scala:808)
	at cromwell.backend.standard.StandardAsyncExecutionActor.executeAsync$(StandardAsyncExecutionActor.scala:808)
	at cromwell.backend.impl.sfs.config.BackgroundConfigAsyncJobExecutionActor.executeAsync(ConfigAsyncJobExecutionActor.scala:205)
	at cromwell.backend.standard.StandardAsyncExecutionActor.executeOrRecover(StandardAsyncExecutionActor.scala:1248)
	at cromwell.backend.standard.StandardAsyncExecutionActor.executeOrRecover$(StandardAsyncExecutionActor.scala:1240)
	at cromwell.backend.impl.sfs.config.BackgroundConfigAsyncJobExecutionActor.executeOrRecover(ConfigAsyncJobExecutionActor.scala:205)
	at cromwell.backend.async.AsyncBackendJobExecutionActor.$anonfun$robustExecuteOrRecover$1(AsyncBackendJobExecutionActor.scala:65)
	at cromwell.core.retry.Retry$.withRetry(Retry.scala:46)
	at cromwell.core.retry.Retry$$anonfun$withRetry$1.$anonfun$applyOrElse$3(Retry.scala:54)
	at akka.pattern.FutureTimeoutSupport.liftedTree1$1(FutureTimeoutSupport.scala:31)
	at akka.pattern.FutureTimeoutSupport.$anonfun$after$1(FutureTimeoutSupport.scala:31)
	at akka.actor.Scheduler$$anon$4.run(Scheduler.scala:202)
	at akka.dispatch.TaskInvocation.run(AbstractDispatcher.scala:41)
	at akka.dispatch.ForkJoinExecutorConfigurator$AkkaForkJoinTask.exec(ForkJoinExecutorConfigurator.scala:49)
	at akka.dispatch.forkjoin.ForkJoinTask.doExec(ForkJoinTask.java:260)
	at akka.dispatch.forkjoin.ForkJoinPool$WorkQueue.runTask(ForkJoinPool.java:1339)
	at akka.dispatch.forkjoin.ForkJoinPool.runWorker(ForkJoinPool.java:1979)
	at akka.dispatch.forkjoin.ForkJoinWorkerThread.run(ForkJoinWorkerThread.java:107)
Caused by: common.exception.AggregatedMessageException: Error(s):
:
Could not localize /prsInteractive/config/default.conf -> /Users/kerimulterer/prsInteractive/./cromwell-executions/prsInteractivePipeline/397051bc-046e-49e1-9ba4-fc3f4c9e26d3/call-createSummary/inputs/1880570577/default.conf:
	/prsInteractive/config/default.conf doesn't exist
	File not found /Users/kerimulterer/prsInteractive/cromwell-executions/prsInteractivePipeline/397051bc-046e-49e1-9ba4-fc3f4c9e26d3/call-createSummary/inputs/1880570577/default.conf -> /prsInteractive/config/default.conf
	File not found /prsInteractive/config/default.conf
	at common.validation.Validation$ValidationTry$.toTry$extension(Validation.scala:93)
	at common.validation.Validation$ValidationTry$.toTry$extension(Validation.scala:89)
	at cromwell.backend.standard.StandardAsyncExecutionActor.instantiatedCommand(StandardAsyncExecutionActor.scala:726)
	... 35 common frames omitted
2025-06-01 10:21:56,450 ERROR - BackgroundConfigAsyncJobExecutionActor [UUID(397051bc)prsInteractivePipeline.createSummary:NA:1]: Error attempting to Execute
java.lang.Exception: Failed command instantiation
	at cromwell.backend.standard.StandardAsyncExecutionActor.instantiatedCommand(StandardAsyncExecutionActor.scala:728)
	at cromwell.backend.standard.StandardAsyncExecutionActor.instantiatedCommand$(StandardAsyncExecutionActor.scala:647)
	at cromwell.backend.impl.sfs.config.BackgroundConfigAsyncJobExecutionActor.instantiatedCommand$lzycompute(ConfigAsyncJobExecutionActor.scala:205)
	at cromwell.backend.impl.sfs.config.BackgroundConfigAsyncJobExecutionActor.instantiatedCommand(ConfigAsyncJobExecutionActor.scala:205)
	at cromwell.backend.standard.StandardAsyncExecutionActor.commandScriptContents(StandardAsyncExecutionActor.scala:411)
	at cromwell.backend.standard.StandardAsyncExecutionActor.commandScriptContents$(StandardAsyncExecutionActor.scala:410)
	at cromwell.backend.impl.sfs.config.BackgroundConfigAsyncJobExecutionActor.commandScriptContents(ConfigAsyncJobExecutionActor.scala:205)
	at cromwell.backend.sfs.SharedFileSystemAsyncJobExecutionActor.writeScriptContents(SharedFileSystemAsyncJobExecutionActor.scala:180)
	at cromwell.backend.sfs.SharedFileSystemAsyncJobExecutionActor.writeScriptContents$(SharedFileSystemAsyncJobExecutionActor.scala:179)
	at cromwell.backend.impl.sfs.config.BackgroundConfigAsyncJobExecutionActor.cromwell$backend$sfs$BackgroundAsyncJobExecutionActor$$super$writeScriptContents(ConfigAsyncJobExecutionActor.scala:205)
	at cromwell.backend.sfs.BackgroundAsyncJobExecutionActor.writeScriptContents(BackgroundAsyncJobExecutionActor.scala:12)
	at cromwell.backend.sfs.BackgroundAsyncJobExecutionActor.writeScriptContents$(BackgroundAsyncJobExecutionActor.scala:11)
	at cromwell.backend.impl.sfs.config.BackgroundConfigAsyncJobExecutionActor.writeScriptContents(ConfigAsyncJobExecutionActor.scala:205)
	at cromwell.backend.sfs.SharedFileSystemAsyncJobExecutionActor.execute(SharedFileSystemAsyncJobExecutionActor.scala:159)
	at cromwell.backend.sfs.SharedFileSystemAsyncJobExecutionActor.execute$(SharedFileSystemAsyncJobExecutionActor.scala:156)
	at cromwell.backend.impl.sfs.config.BackgroundConfigAsyncJobExecutionActor.execute(ConfigAsyncJobExecutionActor.scala:205)
	at cromwell.backend.standard.StandardAsyncExecutionActor.$anonfun$executeAsync$1(StandardAsyncExecutionActor.scala:808)
	at scala.util.Try$.apply(Try.scala:210)
	at cromwell.backend.standard.StandardAsyncExecutionActor.executeAsync(StandardAsyncExecutionActor.scala:808)
	at cromwell.backend.standard.StandardAsyncExecutionActor.executeAsync$(StandardAsyncExecutionActor.scala:808)
	at cromwell.backend.impl.sfs.config.BackgroundConfigAsyncJobExecutionActor.executeAsync(ConfigAsyncJobExecutionActor.scala:205)
	at cromwell.backend.standard.StandardAsyncExecutionActor.executeOrRecover(StandardAsyncExecutionActor.scala:1248)
	at cromwell.backend.standard.StandardAsyncExecutionActor.executeOrRecover$(StandardAsyncExecutionActor.scala:1240)
	at cromwell.backend.impl.sfs.config.BackgroundConfigAsyncJobExecutionActor.executeOrRecover(ConfigAsyncJobExecutionActor.scala:205)
	at cromwell.backend.async.AsyncBackendJobExecutionActor.$anonfun$robustExecuteOrRecover$1(AsyncBackendJobExecutionActor.scala:65)
	at cromwell.core.retry.Retry$.withRetry(Retry.scala:46)
	at cromwell.core.retry.Retry$$anonfun$withRetry$1.$anonfun$applyOrElse$3(Retry.scala:54)
	at akka.pattern.FutureTimeoutSupport.liftedTree1$1(FutureTimeoutSupport.scala:31)
	at akka.pattern.FutureTimeoutSupport.$anonfun$after$1(FutureTimeoutSupport.scala:31)
	at akka.actor.Scheduler$$anon$4.run(Scheduler.scala:202)
	at akka.dispatch.TaskInvocation.run(AbstractDispatcher.scala:41)
	at akka.dispatch.ForkJoinExecutorConfigurator$AkkaForkJoinTask.exec(ForkJoinExecutorConfigurator.scala:49)
	at akka.dispatch.forkjoin.ForkJoinTask.doExec(ForkJoinTask.java:260)
	at akka.dispatch.forkjoin.ForkJoinPool$WorkQueue.runTask(ForkJoinPool.java:1339)
	at akka.dispatch.forkjoin.ForkJoinPool.runWorker(ForkJoinPool.java:1979)
	at akka.dispatch.forkjoin.ForkJoinWorkerThread.run(ForkJoinWorkerThread.java:107)
Caused by: common.exception.AggregatedMessageException: Error(s):
:
Could not localize /prsInteractive/config/default.conf -> /Users/kerimulterer/prsInteractive/./cromwell-executions/prsInteractivePipeline/397051bc-046e-49e1-9ba4-fc3f4c9e26d3/call-createSummary/inputs/1880570577/default.conf:
	/prsInteractive/config/default.conf doesn't exist
	File not found /Users/kerimulterer/prsInteractive/cromwell-executions/prsInteractivePipeline/397051bc-046e-49e1-9ba4-fc3f4c9e26d3/call-createSummary/inputs/1880570577/default.conf -> /prsInteractive/config/default.conf
	File not found /prsInteractive/config/default.conf
	at common.validation.Validation$ValidationTry$.toTry$extension(Validation.scala:93)
	at common.validation.Validation$ValidationTry$.toTry$extension(Validation.scala:89)
	at cromwell.backend.standard.StandardAsyncExecutionActor.instantiatedCommand(StandardAsyncExecutionActor.scala:726)
	... 35 common frames omitted
2025-06-01 10:22:00,791 ERROR - BackgroundConfigAsyncJobExecutionActor [UUID(397051bc)prsInteractivePipeline.createSummary:NA:1]: Error attempting to Execute
java.lang.Exception: Failed command instantiation
	at cromwell.backend.standard.StandardAsyncExecutionActor.instantiatedCommand(StandardAsyncExecutionActor.scala:728)
	at cromwell.backend.standard.StandardAsyncExecutionActor.instantiatedCommand$(StandardAsyncExecutionActor.scala:647)
	at cromwell.backend.impl.sfs.config.BackgroundConfigAsyncJobExecutionActor.instantiatedCommand$lzycompute(ConfigAsyncJobExecutionActor.scala:205)
	at cromwell.backend.impl.sfs.config.BackgroundConfigAsyncJobExecutionActor.instantiatedCommand(ConfigAsyncJobExecutionActor.scala:205)
	at cromwell.backend.standard.StandardAsyncExecutionActor.commandScriptContents(StandardAsyncExecutionActor.scala:411)
	at cromwell.backend.standard.StandardAsyncExecutionActor.commandScriptContents$(StandardAsyncExecutionActor.scala:410)
	at cromwell.backend.impl.sfs.config.BackgroundConfigAsyncJobExecutionActor.commandScriptContents(ConfigAsyncJobExecutionActor.scala:205)
	at cromwell.backend.sfs.SharedFileSystemAsyncJobExecutionActor.writeScriptContents(SharedFileSystemAsyncJobExecutionActor.scala:180)
	at cromwell.backend.sfs.SharedFileSystemAsyncJobExecutionActor.writeScriptContents$(SharedFileSystemAsyncJobExecutionActor.scala:179)
	at cromwell.backend.impl.sfs.config.BackgroundConfigAsyncJobExecutionActor.cromwell$backend$sfs$BackgroundAsyncJobExecutionActor$$super$writeScriptContents(ConfigAsyncJobExecutionActor.scala:205)
	at cromwell.backend.sfs.BackgroundAsyncJobExecutionActor.writeScriptContents(BackgroundAsyncJobExecutionActor.scala:12)
	at cromwell.backend.sfs.BackgroundAsyncJobExecutionActor.writeScriptContents$(BackgroundAsyncJobExecutionActor.scala:11)
	at cromwell.backend.impl.sfs.config.BackgroundConfigAsyncJobExecutionActor.writeScriptContents(ConfigAsyncJobExecutionActor.scala:205)
	at cromwell.backend.sfs.SharedFileSystemAsyncJobExecutionActor.execute(SharedFileSystemAsyncJobExecutionActor.scala:159)
	at cromwell.backend.sfs.SharedFileSystemAsyncJobExecutionActor.execute$(SharedFileSystemAsyncJobExecutionActor.scala:156)
	at cromwell.backend.impl.sfs.config.BackgroundConfigAsyncJobExecutionActor.execute(ConfigAsyncJobExecutionActor.scala:205)
	at cromwell.backend.standard.StandardAsyncExecutionActor.$anonfun$executeAsync$1(StandardAsyncExecutionActor.scala:808)
	at scala.util.Try$.apply(Try.scala:210)
	at cromwell.backend.standard.StandardAsyncExecutionActor.executeAsync(StandardAsyncExecutionActor.scala:808)
	at cromwell.backend.standard.StandardAsyncExecutionActor.executeAsync$(StandardAsyncExecutionActor.scala:808)
	at cromwell.backend.impl.sfs.config.BackgroundConfigAsyncJobExecutionActor.executeAsync(ConfigAsyncJobExecutionActor.scala:205)
	at cromwell.backend.standard.StandardAsyncExecutionActor.executeOrRecover(StandardAsyncExecutionActor.scala:1248)
	at cromwell.backend.standard.StandardAsyncExecutionActor.executeOrRecover$(StandardAsyncExecutionActor.scala:1240)
	at cromwell.backend.impl.sfs.config.BackgroundConfigAsyncJobExecutionActor.executeOrRecover(ConfigAsyncJobExecutionActor.scala:205)
	at cromwell.backend.async.AsyncBackendJobExecutionActor.$anonfun$robustExecuteOrRecover$1(AsyncBackendJobExecutionActor.scala:65)
	at cromwell.core.retry.Retry$.withRetry(Retry.scala:46)
	at cromwell.core.retry.Retry$$anonfun$withRetry$1.$anonfun$applyOrElse$3(Retry.scala:54)
	at akka.pattern.FutureTimeoutSupport.liftedTree1$1(FutureTimeoutSupport.scala:31)
	at akka.pattern.FutureTimeoutSupport.$anonfun$after$1(FutureTimeoutSupport.scala:31)
	at akka.actor.Scheduler$$anon$4.run(Scheduler.scala:202)
	at akka.dispatch.TaskInvocation.run(AbstractDispatcher.scala:41)
	at akka.dispatch.ForkJoinExecutorConfigurator$AkkaForkJoinTask.exec(ForkJoinExecutorConfigurator.scala:49)
	at akka.dispatch.forkjoin.ForkJoinTask.doExec(ForkJoinTask.java:260)
	at akka.dispatch.forkjoin.ForkJoinPool$WorkQueue.runTask(ForkJoinPool.java:1339)
	at akka.dispatch.forkjoin.ForkJoinPool.runWorker(ForkJoinPool.java:1979)
	at akka.dispatch.forkjoin.ForkJoinWorkerThread.run(ForkJoinWorkerThread.java:107)
Caused by: common.exception.AggregatedMessageException: Error(s):
:
Could not localize /prsInteractive/config/default.conf -> /Users/kerimulterer/prsInteractive/./cromwell-executions/prsInteractivePipeline/397051bc-046e-49e1-9ba4-fc3f4c9e26d3/call-createSummary/inputs/1880570577/default.conf:
	/prsInteractive/config/default.conf doesn't exist
	File not found /Users/kerimulterer/prsInteractive/cromwell-executions/prsInteractivePipeline/397051bc-046e-49e1-9ba4-fc3f4c9e26d3/call-createSummary/inputs/1880570577/default.conf -> /prsInteractive/config/default.conf
	File not found /prsInteractive/config/default.conf
	at common.validation.Validation$ValidationTry$.toTry$extension(Validation.scala:93)
	at common.validation.Validation$ValidationTry$.toTry$extension(Validation.scala:89)
	at cromwell.backend.standard.StandardAsyncExecutionActor.instantiatedCommand(StandardAsyncExecutionActor.scala:726)
	... 35 common frames omitted
2025-06-01 10:22:06,439 ERROR - BackgroundConfigAsyncJobExecutionActor [UUID(397051bc)prsInteractivePipeline.createSummary:NA:1]: Error attempting to Execute
java.lang.Exception: Failed command instantiation
	at cromwell.backend.standard.StandardAsyncExecutionActor.instantiatedCommand(StandardAsyncExecutionActor.scala:728)
	at cromwell.backend.standard.StandardAsyncExecutionActor.instantiatedCommand$(StandardAsyncExecutionActor.scala:647)
	at cromwell.backend.impl.sfs.config.BackgroundConfigAsyncJobExecutionActor.instantiatedCommand$lzycompute(ConfigAsyncJobExecutionActor.scala:205)
	at cromwell.backend.impl.sfs.config.BackgroundConfigAsyncJobExecutionActor.instantiatedCommand(ConfigAsyncJobExecutionActor.scala:205)
	at cromwell.backend.standard.StandardAsyncExecutionActor.commandScriptContents(StandardAsyncExecutionActor.scala:411)
	at cromwell.backend.standard.StandardAsyncExecutionActor.commandScriptContents$(StandardAsyncExecutionActor.scala:410)
	at cromwell.backend.impl.sfs.config.BackgroundConfigAsyncJobExecutionActor.commandScriptContents(ConfigAsyncJobExecutionActor.scala:205)
	at cromwell.backend.sfs.SharedFileSystemAsyncJobExecutionActor.writeScriptContents(SharedFileSystemAsyncJobExecutionActor.scala:180)
	at cromwell.backend.sfs.SharedFileSystemAsyncJobExecutionActor.writeScriptContents$(SharedFileSystemAsyncJobExecutionActor.scala:179)
	at cromwell.backend.impl.sfs.config.BackgroundConfigAsyncJobExecutionActor.cromwell$backend$sfs$BackgroundAsyncJobExecutionActor$$super$writeScriptContents(ConfigAsyncJobExecutionActor.scala:205)
	at cromwell.backend.sfs.BackgroundAsyncJobExecutionActor.writeScriptContents(BackgroundAsyncJobExecutionActor.scala:12)
	at cromwell.backend.sfs.BackgroundAsyncJobExecutionActor.writeScriptContents$(BackgroundAsyncJobExecutionActor.scala:11)
	at cromwell.backend.impl.sfs.config.BackgroundConfigAsyncJobExecutionActor.writeScriptContents(ConfigAsyncJobExecutionActor.scala:205)
	at cromwell.backend.sfs.SharedFileSystemAsyncJobExecutionActor.execute(SharedFileSystemAsyncJobExecutionActor.scala:159)
	at cromwell.backend.sfs.SharedFileSystemAsyncJobExecutionActor.execute$(SharedFileSystemAsyncJobExecutionActor.scala:156)
	at cromwell.backend.impl.sfs.config.BackgroundConfigAsyncJobExecutionActor.execute(ConfigAsyncJobExecutionActor.scala:205)
	at cromwell.backend.standard.StandardAsyncExecutionActor.$anonfun$executeAsync$1(StandardAsyncExecutionActor.scala:808)
	at scala.util.Try$.apply(Try.scala:210)
	at cromwell.backend.standard.StandardAsyncExecutionActor.executeAsync(StandardAsyncExecutionActor.scala:808)
	at cromwell.backend.standard.StandardAsyncExecutionActor.executeAsync$(StandardAsyncExecutionActor.scala:808)
	at cromwell.backend.impl.sfs.config.BackgroundConfigAsyncJobExecutionActor.executeAsync(ConfigAsyncJobExecutionActor.scala:205)
	at cromwell.backend.standard.StandardAsyncExecutionActor.executeOrRecover(StandardAsyncExecutionActor.scala:1248)
	at cromwell.backend.standard.StandardAsyncExecutionActor.executeOrRecover$(StandardAsyncExecutionActor.scala:1240)
	at cromwell.backend.impl.sfs.config.BackgroundConfigAsyncJobExecutionActor.executeOrRecover(ConfigAsyncJobExecutionActor.scala:205)
	at cromwell.backend.async.AsyncBackendJobExecutionActor.$anonfun$robustExecuteOrRecover$1(AsyncBackendJobExecutionActor.scala:65)
	at cromwell.core.retry.Retry$.withRetry(Retry.scala:46)
	at cromwell.core.retry.Retry$$anonfun$withRetry$1.$anonfun$applyOrElse$3(Retry.scala:54)
	at akka.pattern.FutureTimeoutSupport.liftedTree1$1(FutureTimeoutSupport.scala:31)
	at akka.pattern.FutureTimeoutSupport.$anonfun$after$1(FutureTimeoutSupport.scala:31)
	at akka.actor.Scheduler$$anon$4.run(Scheduler.scala:202)
	at akka.dispatch.TaskInvocation.run(AbstractDispatcher.scala:41)
	at akka.dispatch.ForkJoinExecutorConfigurator$AkkaForkJoinTask.exec(ForkJoinExecutorConfigurator.scala:49)
	at akka.dispatch.forkjoin.ForkJoinTask.doExec(ForkJoinTask.java:260)
	at akka.dispatch.forkjoin.ForkJoinPool$WorkQueue.runTask(ForkJoinPool.java:1339)
	at akka.dispatch.forkjoin.ForkJoinPool.runWorker(ForkJoinPool.java:1979)
	at akka.dispatch.forkjoin.ForkJoinWorkerThread.run(ForkJoinWorkerThread.java:107)
Caused by: common.exception.AggregatedMessageException: Error(s):
:
Could not localize /prsInteractive/config/default.conf -> /Users/kerimulterer/prsInteractive/./cromwell-executions/prsInteractivePipeline/397051bc-046e-49e1-9ba4-fc3f4c9e26d3/call-createSummary/inputs/1880570577/default.conf:
	/prsInteractive/config/default.conf doesn't exist
	File not found /Users/kerimulterer/prsInteractive/cromwell-executions/prsInteractivePipeline/397051bc-046e-49e1-9ba4-fc3f4c9e26d3/call-createSummary/inputs/1880570577/default.conf -> /prsInteractive/config/default.conf
	File not found /prsInteractive/config/default.conf
	at common.validation.Validation$ValidationTry$.toTry$extension(Validation.scala:93)
	at common.validation.Validation$ValidationTry$.toTry$extension(Validation.scala:89)
	at cromwell.backend.standard.StandardAsyncExecutionActor.instantiatedCommand(StandardAsyncExecutionActor.scala:726)
	... 35 common frames omitted
2025-06-01 10:22:13,250 ERROR - BackgroundConfigAsyncJobExecutionActor [UUID(397051bc)prsInteractivePipeline.createSummary:NA:1]: Error attempting to Execute
java.lang.Exception: Failed command instantiation
	at cromwell.backend.standard.StandardAsyncExecutionActor.instantiatedCommand(StandardAsyncExecutionActor.scala:728)
	at cromwell.backend.standard.StandardAsyncExecutionActor.instantiatedCommand$(StandardAsyncExecutionActor.scala:647)
	at cromwell.backend.impl.sfs.config.BackgroundConfigAsyncJobExecutionActor.instantiatedCommand$lzycompute(ConfigAsyncJobExecutionActor.scala:205)
	at cromwell.backend.impl.sfs.config.BackgroundConfigAsyncJobExecutionActor.instantiatedCommand(ConfigAsyncJobExecutionActor.scala:205)
	at cromwell.backend.standard.StandardAsyncExecutionActor.commandScriptContents(StandardAsyncExecutionActor.scala:411)
	at cromwell.backend.standard.StandardAsyncExecutionActor.commandScriptContents$(StandardAsyncExecutionActor.scala:410)
	at cromwell.backend.impl.sfs.config.BackgroundConfigAsyncJobExecutionActor.commandScriptContents(ConfigAsyncJobExecutionActor.scala:205)
	at cromwell.backend.sfs.SharedFileSystemAsyncJobExecutionActor.writeScriptContents(SharedFileSystemAsyncJobExecutionActor.scala:180)
	at cromwell.backend.sfs.SharedFileSystemAsyncJobExecutionActor.writeScriptContents$(SharedFileSystemAsyncJobExecutionActor.scala:179)
	at cromwell.backend.impl.sfs.config.BackgroundConfigAsyncJobExecutionActor.cromwell$backend$sfs$BackgroundAsyncJobExecutionActor$$super$writeScriptContents(ConfigAsyncJobExecutionActor.scala:205)
	at cromwell.backend.sfs.BackgroundAsyncJobExecutionActor.writeScriptContents(BackgroundAsyncJobExecutionActor.scala:12)
	at cromwell.backend.sfs.BackgroundAsyncJobExecutionActor.writeScriptContents$(BackgroundAsyncJobExecutionActor.scala:11)
	at cromwell.backend.impl.sfs.config.BackgroundConfigAsyncJobExecutionActor.writeScriptContents(ConfigAsyncJobExecutionActor.scala:205)
	at cromwell.backend.sfs.SharedFileSystemAsyncJobExecutionActor.execute(SharedFileSystemAsyncJobExecutionActor.scala:159)
	at cromwell.backend.sfs.SharedFileSystemAsyncJobExecutionActor.execute$(SharedFileSystemAsyncJobExecutionActor.scala:156)
	at cromwell.backend.impl.sfs.config.BackgroundConfigAsyncJobExecutionActor.execute(ConfigAsyncJobExecutionActor.scala:205)
	at cromwell.backend.standard.StandardAsyncExecutionActor.$anonfun$executeAsync$1(StandardAsyncExecutionActor.scala:808)
	at scala.util.Try$.apply(Try.scala:210)
	at cromwell.backend.standard.StandardAsyncExecutionActor.executeAsync(StandardAsyncExecutionActor.scala:808)
	at cromwell.backend.standard.StandardAsyncExecutionActor.executeAsync$(StandardAsyncExecutionActor.scala:808)
	at cromwell.backend.impl.sfs.config.BackgroundConfigAsyncJobExecutionActor.executeAsync(ConfigAsyncJobExecutionActor.scala:205)
	at cromwell.backend.standard.StandardAsyncExecutionActor.executeOrRecover(StandardAsyncExecutionActor.scala:1248)
	at cromwell.backend.standard.StandardAsyncExecutionActor.executeOrRecover$(StandardAsyncExecutionActor.scala:1240)
	at cromwell.backend.impl.sfs.config.BackgroundConfigAsyncJobExecutionActor.executeOrRecover(ConfigAsyncJobExecutionActor.scala:205)
	at cromwell.backend.async.AsyncBackendJobExecutionActor.$anonfun$robustExecuteOrRecover$1(AsyncBackendJobExecutionActor.scala:65)
	at cromwell.core.retry.Retry$.withRetry(Retry.scala:46)
	at cromwell.core.retry.Retry$$anonfun$withRetry$1.$anonfun$applyOrElse$3(Retry.scala:54)
	at akka.pattern.FutureTimeoutSupport.liftedTree1$1(FutureTimeoutSupport.scala:31)
	at akka.pattern.FutureTimeoutSupport.$anonfun$after$1(FutureTimeoutSupport.scala:31)
	at akka.actor.Scheduler$$anon$4.run(Scheduler.scala:202)
	at akka.dispatch.TaskInvocation.run(AbstractDispatcher.scala:41)
	at akka.dispatch.ForkJoinExecutorConfigurator$AkkaForkJoinTask.exec(ForkJoinExecutorConfigurator.scala:49)
	at akka.dispatch.forkjoin.ForkJoinTask.doExec(ForkJoinTask.java:260)
	at akka.dispatch.forkjoin.ForkJoinPool$WorkQueue.runTask(ForkJoinPool.java:1339)
	at akka.dispatch.forkjoin.ForkJoinPool.runWorker(ForkJoinPool.java:1979)
	at akka.dispatch.forkjoin.ForkJoinWorkerThread.run(ForkJoinWorkerThread.java:107)
Caused by: common.exception.AggregatedMessageException: Error(s):
:
Could not localize /prsInteractive/config/default.conf -> /Users/kerimulterer/prsInteractive/./cromwell-executions/prsInteractivePipeline/397051bc-046e-49e1-9ba4-fc3f4c9e26d3/call-createSummary/inputs/1880570577/default.conf:
	/prsInteractive/config/default.conf doesn't exist
	File not found /Users/kerimulterer/prsInteractive/cromwell-executions/prsInteractivePipeline/397051bc-046e-49e1-9ba4-fc3f4c9e26d3/call-createSummary/inputs/1880570577/default.conf -> /prsInteractive/config/default.conf
	File not found /prsInteractive/config/default.conf
	at common.validation.Validation$ValidationTry$.toTry$extension(Validation.scala:93)
	at common.validation.Validation$ValidationTry$.toTry$extension(Validation.scala:89)
	at cromwell.backend.standard.StandardAsyncExecutionActor.instantiatedCommand(StandardAsyncExecutionActor.scala:726)
	... 35 common frames omitted
2025-06-01 10:22:17,368 ERROR - BackgroundConfigAsyncJobExecutionActor [UUID(397051bc)prsInteractivePipeline.createSummary:NA:1]: Error attempting to Execute
java.lang.Exception: Failed command instantiation
	at cromwell.backend.standard.StandardAsyncExecutionActor.instantiatedCommand(StandardAsyncExecutionActor.scala:728)
	at cromwell.backend.standard.StandardAsyncExecutionActor.instantiatedCommand$(StandardAsyncExecutionActor.scala:647)
	at cromwell.backend.impl.sfs.config.BackgroundConfigAsyncJobExecutionActor.instantiatedCommand$lzycompute(ConfigAsyncJobExecutionActor.scala:205)
	at cromwell.backend.impl.sfs.config.BackgroundConfigAsyncJobExecutionActor.instantiatedCommand(ConfigAsyncJobExecutionActor.scala:205)
	at cromwell.backend.standard.StandardAsyncExecutionActor.commandScriptContents(StandardAsyncExecutionActor.scala:411)
	at cromwell.backend.standard.StandardAsyncExecutionActor.commandScriptContents$(StandardAsyncExecutionActor.scala:410)
	at cromwell.backend.impl.sfs.config.BackgroundConfigAsyncJobExecutionActor.commandScriptContents(ConfigAsyncJobExecutionActor.scala:205)
	at cromwell.backend.sfs.SharedFileSystemAsyncJobExecutionActor.writeScriptContents(SharedFileSystemAsyncJobExecutionActor.scala:180)
	at cromwell.backend.sfs.SharedFileSystemAsyncJobExecutionActor.writeScriptContents$(SharedFileSystemAsyncJobExecutionActor.scala:179)
	at cromwell.backend.impl.sfs.config.BackgroundConfigAsyncJobExecutionActor.cromwell$backend$sfs$BackgroundAsyncJobExecutionActor$$super$writeScriptContents(ConfigAsyncJobExecutionActor.scala:205)
	at cromwell.backend.sfs.BackgroundAsyncJobExecutionActor.writeScriptContents(BackgroundAsyncJobExecutionActor.scala:12)
	at cromwell.backend.sfs.BackgroundAsyncJobExecutionActor.writeScriptContents$(BackgroundAsyncJobExecutionActor.scala:11)
	at cromwell.backend.impl.sfs.config.BackgroundConfigAsyncJobExecutionActor.writeScriptContents(ConfigAsyncJobExecutionActor.scala:205)
	at cromwell.backend.sfs.SharedFileSystemAsyncJobExecutionActor.execute(SharedFileSystemAsyncJobExecutionActor.scala:159)
	at cromwell.backend.sfs.SharedFileSystemAsyncJobExecutionActor.execute$(SharedFileSystemAsyncJobExecutionActor.scala:156)
	at cromwell.backend.impl.sfs.config.BackgroundConfigAsyncJobExecutionActor.execute(ConfigAsyncJobExecutionActor.scala:205)
	at cromwell.backend.standard.StandardAsyncExecutionActor.$anonfun$executeAsync$1(StandardAsyncExecutionActor.scala:808)
	at scala.util.Try$.apply(Try.scala:210)
	at cromwell.backend.standard.StandardAsyncExecutionActor.executeAsync(StandardAsyncExecutionActor.scala:808)
	at cromwell.backend.standard.StandardAsyncExecutionActor.executeAsync$(StandardAsyncExecutionActor.scala:808)
	at cromwell.backend.impl.sfs.config.BackgroundConfigAsyncJobExecutionActor.executeAsync(ConfigAsyncJobExecutionActor.scala:205)
	at cromwell.backend.standard.StandardAsyncExecutionActor.executeOrRecover(StandardAsyncExecutionActor.scala:1248)
	at cromwell.backend.standard.StandardAsyncExecutionActor.executeOrRecover$(StandardAsyncExecutionActor.scala:1240)
	at cromwell.backend.impl.sfs.config.BackgroundConfigAsyncJobExecutionActor.executeOrRecover(ConfigAsyncJobExecutionActor.scala:205)
	at cromwell.backend.async.AsyncBackendJobExecutionActor.$anonfun$robustExecuteOrRecover$1(AsyncBackendJobExecutionActor.scala:65)
	at cromwell.core.retry.Retry$.withRetry(Retry.scala:46)
	at cromwell.core.retry.Retry$$anonfun$withRetry$1.$anonfun$applyOrElse$3(Retry.scala:54)
	at akka.pattern.FutureTimeoutSupport.liftedTree1$1(FutureTimeoutSupport.scala:31)
	at akka.pattern.FutureTimeoutSupport.$anonfun$after$1(FutureTimeoutSupport.scala:31)
	at akka.actor.Scheduler$$anon$4.run(Scheduler.scala:202)
	at akka.dispatch.TaskInvocation.run(AbstractDispatcher.scala:41)
	at akka.dispatch.ForkJoinExecutorConfigurator$AkkaForkJoinTask.exec(ForkJoinExecutorConfigurator.scala:49)
	at akka.dispatch.forkjoin.ForkJoinTask.doExec(ForkJoinTask.java:260)
	at akka.dispatch.forkjoin.ForkJoinPool$WorkQueue.runTask(ForkJoinPool.java:1339)
	at akka.dispatch.forkjoin.ForkJoinPool.runWorker(ForkJoinPool.java:1979)
	at akka.dispatch.forkjoin.ForkJoinWorkerThread.run(ForkJoinWorkerThread.java:107)
Caused by: common.exception.AggregatedMessageException: Error(s):
:
Could not localize /prsInteractive/config/default.conf -> /Users/kerimulterer/prsInteractive/./cromwell-executions/prsInteractivePipeline/397051bc-046e-49e1-9ba4-fc3f4c9e26d3/call-createSummary/inputs/1880570577/default.conf:
	/prsInteractive/config/default.conf doesn't exist
	File not found /Users/kerimulterer/prsInteractive/cromwell-executions/prsInteractivePipeline/397051bc-046e-49e1-9ba4-fc3f4c9e26d3/call-createSummary/inputs/1880570577/default.conf -> /prsInteractive/config/default.conf
	File not found /prsInteractive/config/default.conf
	at common.validation.Validation$ValidationTry$.toTry$extension(Validation.scala:93)
	at common.validation.Validation$ValidationTry$.toTry$extension(Validation.scala:89)
	at cromwell.backend.standard.StandardAsyncExecutionActor.instantiatedCommand(StandardAsyncExecutionActor.scala:726)
	... 35 common frames omitted
2025-06-01 10:22:17,698 INFO  - $a [UUID(397051bc)]: Copying workflow logs from /Users/kerimulterer/prsInteractive/cromwell-workflow-logs/workflow.397051bc-046e-49e1-9ba4-fc3f4c9e26d3.log to ./logs/workflow.397051bc-046e-49e1-9ba4-fc3f4c9e26d3.log
